<?xml version="1.0" encoding="UTF-8"?>
<!-- Generated by org.testng.reporters.JUnitReportReporter -->
<testsuite hostname="DESKTOP-QDTAIDP" failures="0" tests="1" name="api.training.test.testDeleteRequestById" time="4.291" errors="0" timestamp="2023-05-18T11:06:21 IST" skipped="0">
  <testcase classname="api.training.test.testDeleteRequestById" name="deleteRequestById" time="4.291"/>
  <system-out/>
</testsuite> <!-- api.training.test.testDeleteRequestById -->
