<?xml version="1.0" encoding="UTF-8"?>
<!-- Generated by org.testng.reporters.JUnitReportReporter -->
<testsuite hostname="DESKTOP-QDTAIDP" failures="0" tests="1" name="api.training.test.testPostRequestByHashMapData" time="7.365" errors="0" timestamp="2023-05-12T13:53:57 IST" skipped="0">
  <testcase classname="api.training.test.testPostRequestByHashMapData" name="testPostRequest" time="7.365"/>
  <system-out/>
</testsuite> <!-- api.training.test.testPostRequestByHashMapData -->
