<?xml version="1.0" encoding="UTF-8"?>
<!-- Generated by org.testng.reporters.JUnitReportReporter -->
<testsuite hostname="DESKTOP-QDTAIDP" failures="0" tests="1" name="api.training.test.testPostRequestByPojoClassData" time="6.892" errors="0" timestamp="2023-05-17T19:33:32 IST" skipped="0">
  <testcase classname="api.training.test.testPostRequestByPojoClassData" name="reqresPostRequest" time="6.892"/>
  <system-out/>
</testsuite> <!-- api.training.test.testPostRequestByPojoClassData -->
