<?xml version="1.0" encoding="UTF-8"?>
<!-- Generated by org.testng.reporters.JUnitReportReporter -->
<testsuite hostname="DESKTOP-QDTAIDP" failures="0" tests="3" name="api.training.test.testUserDetails" time="6.916" errors="0" timestamp="2023-05-15T17:13:39 IST" skipped="0">
  <testcase classname="api.training.test.testUserDetails" name="testUserData" time="3.988"/>
  <system-out/>
  <testcase classname="api.training.test.testUserDetails" name="testResponseUserData" time="2.670"/>
  <system-out/>
  <testcase classname="api.training.test.testUserDetails" name="testGetJsonfieldData" time="0.258"/>
  <system-out/>
</testsuite> <!-- api.training.test.testUserDetails -->
