<?xml version="1.0" encoding="UTF-8"?>
<!-- Generated by org.testng.reporters.JUnitReportReporter -->
<testsuite hostname="DESKTOP-QDTAIDP" failures="0" tests="4" name="api.test.UserTests" time="11.985" errors="0" timestamp="2023-05-04T09:55:02 IST" skipped="0">
  <testcase classname="api.test.UserTests" name="testPostUser" time="6.962"/>
  <system-out/>
  <testcase classname="api.test.UserTests" name="testGetUserByName" time="1.373"/>
  <system-out/>
  <testcase classname="api.test.UserTests" name="testUpdateUserByName" time="2.403"/>
  <system-out/>
  <testcase classname="api.test.UserTests" name="testDeleteUserByName" time="1.247"/>
  <system-out/>
</testsuite> <!-- api.test.UserTests -->
