<?xml version="1.0" encoding="UTF-8"?>
<!-- Generated by org.testng.reporters.JUnitReportReporter -->
<testsuite hostname="DESKTOP-QDTAIDP" failures="0" tests="1" name="api.bookstore.tests.Enter_correctStatus_URI" time="6.674" errors="0" timestamp="2023-06-10T18:08:39 IST" skipped="0">
  <testcase classname="api.bookstore.tests.Enter_correctStatus_URI" name="p_enter_correctStatusUri" time="6.674"/>
  <system-out/>
</testsuite> <!-- api.bookstore.tests.Enter_correctStatus_URI -->
