<?xml version="1.0" encoding="UTF-8"?>
<!-- Generated by org.testng.reporters.JUnitReportReporter -->
<testsuite hostname="DESKTOP-QDTAIDP" failures="0" tests="2" name="api.gorest.test.testXMLResponse" time="6.266" errors="0" timestamp="2023-06-10T19:19:21 IST" skipped="0">
  <testcase classname="api.gorest.test.testXMLResponse" name="testSingleContent" time="5.723"/>
  <system-out/>
  <testcase classname="api.gorest.test.testXMLResponse" name="testInvoceData" time="0.543"/>
  <system-out/>
</testsuite> <!-- api.gorest.test.testXMLResponse -->
