<?xml version="1.0" encoding="UTF-8"?>
<!-- Generated by org.testng.reporters.JUnitReportReporter -->
<testsuite hostname="DESKTOP-QDTAIDP" failures="0" tests="1" name="api.training.test.testPostRequestHashMapData" time="6.810" errors="0" timestamp="2023-05-12T13:40:06 IST" skipped="0">
  <testcase classname="api.training.test.testPostRequestHashMapData" name="testPostRequest" time="6.810"/>
  <system-out/>
</testsuite> <!-- api.training.test.testPostRequestHashMapData -->
