<?xml version="1.0" encoding="UTF-8"?>
<!-- Generated by org.testng.reporters.JUnitReportReporter -->
<testsuite hostname="DESKTOP-QDTAIDP" failures="0" tests="3" name="api.bdd_test.BddCustomerXMLResponceTests" time="6.161" errors="0" timestamp="2023-05-04T13:04:08 IST" skipped="0">
  <testcase classname="api.bdd_test.BddCustomerXMLResponceTests" name="testSingleContent" time="5.165"/>
  <system-out/>
  <testcase classname="api.bdd_test.BddCustomerXMLResponceTests" name="testMultipleContent" time="0.551"/>
  <system-out/>
  <testcase classname="api.bdd_test.BddCustomerXMLResponceTests" name="testMultipleContentOneGo" time="0.445"/>
  <system-out/>
</testsuite> <!-- api.bdd_test.BddCustomerXMLResponceTests -->
