<?xml version="1.0" encoding="UTF-8"?>
<!-- Generated by org.testng.reporters.JUnitReportReporter -->
<testsuite hostname="DESKTOP-QDTAIDP" failures="0" tests="1" name="api.gorest.test.testJsonResponse" time="3.925" errors="0" timestamp="2023-05-10T16:17:05 IST" skipped="0">
  <testcase classname="api.gorest.test.testJsonResponse" name="testGorestData" time="3.925"/>
  <system-out/>
</testsuite> <!-- api.gorest.test.testJsonResponse -->
