<?xml version="1.0" encoding="UTF-8"?>
<!-- Generated by org.testng.reporters.JUnitReportReporter -->
<testsuite hostname="DESKTOP-QDTAIDP" failures="0" tests="4" name="api.test.UserTests" time="14.014" errors="0" timestamp="2023-05-04T16:42:10 IST" skipped="0">
  <testcase classname="api.test.UserTests" name="testPostUser" time="8.728"/>
  <system-out/>
  <testcase classname="api.test.UserTests" name="testGetUserByName" time="1.251"/>
  <system-out/>
  <testcase classname="api.test.UserTests" name="testUpdateUserByName" time="2.792"/>
  <system-out/>
  <testcase classname="api.test.UserTests" name="testDeleteUserByName" time="1.243"/>
  <system-out/>
</testsuite> <!-- api.test.UserTests -->
