<?xml version="1.0" encoding="UTF-8"?>
<!-- Generated by org.testng.reporters.JUnitReportReporter -->
<testsuite hostname="DESKTOP-QDTAIDP" failures="0" tests="3" name="api.training.test.testUserDetails" time="17.119" errors="0" timestamp="2023-05-10T16:48:09 IST" skipped="0">
  <testcase classname="api.training.test.testUserDetails" name="testUserData" time="7.627"/>
  <system-out/>
  <testcase classname="api.training.test.testUserDetails" name="testResponseUserData" time="7.027"/>
  <system-out/>
  <testcase classname="api.training.test.testUserDetails" name="testGetJsonfieldData" time="2.465"/>
  <system-out/>
</testsuite> <!-- api.training.test.testUserDetails -->
