<?xml version="1.0" encoding="UTF-8"?>
<!-- Generated by org.testng.reporters.JUnitReportReporter -->
<testsuite hostname="DESKTOP-QDTAIDP" failures="0" tests="1" name="api.training.test.testPostRequestByExternalJsonFile" time="6.704" errors="0" timestamp="2023-06-01T15:21:48 IST" skipped="0">
  <testcase classname="api.training.test.testPostRequestByExternalJsonFile" name="testpostRequestByJsonFile" time="6.704"/>
  <system-out/>
</testsuite> <!-- api.training.test.testPostRequestByExternalJsonFile -->
