<?xml version="1.0" encoding="UTF-8"?>
<!-- Generated by org.testng.reporters.JUnitReportReporter -->
<testsuite hostname="DESKTOP-QDTAIDP" failures="0" tests="1" name="api.training.test.testPutRequestByPOJOClass" time="6.050" errors="0" timestamp="2023-05-18T10:34:33 IST" skipped="0">
  <testcase classname="api.training.test.testPutRequestByPOJOClass" name="testputRequestpojo" time="6.050"/>
  <system-out/>
</testsuite> <!-- api.training.test.testPutRequestByPOJOClass -->
