<?xml version="1.0" encoding="UTF-8"?>
<!-- Generated by org.testng.reporters.JUnitReportReporter -->
<testsuite hostname="DESKTOP-QDTAIDP" failures="0" tests="1" name="api.training.test.testPostRequestByJsonObjectData" time="5.925" errors="0" timestamp="2023-05-12T13:53:24 IST" skipped="0">
  <testcase classname="api.training.test.testPostRequestByJsonObjectData" name="testPostRequest" time="5.925"/>
  <system-out/>
</testsuite> <!-- api.training.test.testPostRequestByJsonObjectData -->
