<?xml version="1.0" encoding="UTF-8"?>
<!-- Generated by org.testng.reporters.JUnitReportReporter -->
<testsuite hostname="DESKTOP-QDTAIDP" failures="0" tests="2" name="api.gorest.test.testXMLResponse" time="4.449" errors="0" timestamp="2023-05-05T16:08:24 IST" skipped="0">
  <testcase classname="api.gorest.test.testXMLResponse" name="testSingleContent" time="3.924"/>
  <system-out/>
  <testcase classname="api.gorest.test.testXMLResponse" name="testInvoceData" time="0.525"/>
  <system-out/>
</testsuite> <!-- api.gorest.test.testXMLResponse -->
