<?xml version="1.0" encoding="UTF-8"?>
<!-- Generated by org.testng.reporters.JUnitReportReporter -->
<testsuite hostname="DESKTOP-QDTAIDP" failures="0" tests="3" name="api.bdd_test.BddCustomerXMLResponceTests" time="11.523" errors="0" timestamp="2023-05-04T13:07:25 IST" skipped="0">
  <testcase classname="api.bdd_test.BddCustomerXMLResponceTests" name="testSingleContent" time="10.427"/>
  <system-out/>
  <testcase classname="api.bdd_test.BddCustomerXMLResponceTests" name="testMultipleContent" time="0.623"/>
  <system-out/>
  <testcase classname="api.bdd_test.BddCustomerXMLResponceTests" name="testMultipleContentOneGo" time="0.473"/>
  <system-out/>
</testsuite> <!-- api.bdd_test.BddCustomerXMLResponceTests -->
