<?xml version="1.0" encoding="UTF-8"?>
<!-- Generated by org.testng.reporters.JUnitReportReporter -->
<testsuite hostname="DESKTOP-QDTAIDP" failures="0" tests="4" name="api.test.UserTests2" time="13.102" errors="0" timestamp="2023-05-01T20:13:16 IST" skipped="0">
  <testcase classname="api.test.UserTests2" name="testPostUser" time="8.298"/>
  <system-out/>
  <testcase classname="api.test.UserTests2" name="testGetUserByName" time="1.259"/>
  <system-out/>
  <testcase classname="api.test.UserTests2" name="testUpdateUserByName" time="2.340"/>
  <system-out/>
  <testcase classname="api.test.UserTests2" name="testDeleteUserByName" time="1.205"/>
  <system-out/>
</testsuite> <!-- api.test.UserTests2 -->
