<?xml version="1.0" encoding="UTF-8"?>
<!-- Generated by org.testng.reporters.JUnitReportReporter -->
<testsuite hostname="DESKTOP-QDTAIDP" failures="0" tests="2" name="api.training.test.testUserDetails" time="17.358" errors="0" timestamp="2023-05-09T17:36:54 IST" skipped="0">
  <testcase classname="api.training.test.testUserDetails" name="testUserData" time="11.886"/>
  <system-out/>
  <testcase classname="api.training.test.testUserDetails" name="testResponseUserData" time="5.472"/>
  <system-out/>
</testsuite> <!-- api.training.test.testUserDetails -->
